D:\STROKE\CALLIGRAPHY\CALLIGRAPHY\DEBUG\CALLIGRAPHY.OBJ
D:\STROKE\CALLIGRAPHY\CALLIGRAPHY\DEBUG\VC110.PDB
D:\STROKE\CALLIGRAPHY\DEBUG\CALLIGRAPHY.ILK
D:\STROKE\CALLIGRAPHY\DEBUG\CALLIGRAPHY.EXE
D:\STROKE\CALLIGRAPHY\DEBUG\CALLIGRAPHY.PDB
D:\Stroke\Calligraphy\Calligraphy\Debug\Calligraphy.obj
D:\Stroke\Calligraphy\Calligraphy\Debug\cl.command.1.tlog
D:\Stroke\Calligraphy\Calligraphy\Debug\CL.read.1.tlog
D:\Stroke\Calligraphy\Calligraphy\Debug\CL.write.1.tlog
D:\Stroke\Calligraphy\Calligraphy\Debug\link-cvtres.read.1.tlog
D:\Stroke\Calligraphy\Calligraphy\Debug\link-cvtres.write.1.tlog
D:\Stroke\Calligraphy\Calligraphy\Debug\link-rc.read.1.tlog
D:\Stroke\Calligraphy\Calligraphy\Debug\link-rc.write.1.tlog
D:\Stroke\Calligraphy\Calligraphy\Debug\link.9840-cvtres.read.1.tlog
D:\Stroke\Calligraphy\Calligraphy\Debug\link.9840-cvtres.write.1.tlog
D:\Stroke\Calligraphy\Calligraphy\Debug\link.9840-rc.read.1.tlog
D:\Stroke\Calligraphy\Calligraphy\Debug\link.9840-rc.write.1.tlog
D:\Stroke\Calligraphy\Calligraphy\Debug\link.9840.read.1.tlog
D:\Stroke\Calligraphy\Calligraphy\Debug\link.9840.write.1.tlog
D:\Stroke\Calligraphy\Calligraphy\Debug\link.command.1.tlog
D:\Stroke\Calligraphy\Calligraphy\Debug\link.read.1.tlog
D:\Stroke\Calligraphy\Calligraphy\Debug\link.write.1.tlog
D:\Stroke\Calligraphy\Calligraphy\Debug\vc110.idb
D:\Stroke\Calligraphy\Calligraphy\Debug\vc110.pdb
D:\Stroke\Calligraphy\Debug\Calligraphy.pdb
D:\Stroke\Calligraphy\Debug\Calligraphy.exe
D:\Stroke\Calligraphy\Debug\Calligraphy.ilk
