D:\STROKE\STROKE\STROKE\DEBUG\STROKE.OBJ
D:\STROKE\STROKE\STROKE\DEBUG\VC110.PDB
D:\STROKE\STROKE\DEBUG\STROKE.ILK
D:\STROKE\STROKE\DEBUG\STROKE.EXE
D:\STROKE\STROKE\DEBUG\STROKE.PDB
D:\Stroke\Stroke\Stroke\Debug\Stroke.obj
D:\Stroke\Stroke\Stroke\Debug\cl.command.1.tlog
D:\Stroke\Stroke\Stroke\Debug\CL.read.1.tlog
D:\Stroke\Stroke\Stroke\Debug\CL.write.1.tlog
D:\Stroke\Stroke\Stroke\Debug\link-cvtres.read.1.tlog
D:\Stroke\Stroke\Stroke\Debug\link-cvtres.write.1.tlog
D:\Stroke\Stroke\Stroke\Debug\link-rc.read.1.tlog
D:\Stroke\Stroke\Stroke\Debug\link-rc.write.1.tlog
D:\Stroke\Stroke\Stroke\Debug\link.command.1.tlog
D:\Stroke\Stroke\Stroke\Debug\link.read.1.tlog
D:\Stroke\Stroke\Stroke\Debug\link.write.1.tlog
D:\Stroke\Stroke\Stroke\Debug\vc110.idb
D:\Stroke\Stroke\Stroke\Debug\vc110.pdb
D:\Stroke\Stroke\Debug\Stroke.pdb
D:\Stroke\Stroke\Debug\Stroke.exe
D:\Stroke\Stroke\Debug\Stroke.ilk
